1663664980857:help
1663664989336:login adminLog adminPass
1663665120838:login asd asd
1663666131942:login adminLog adminPass
1663672838531:login adminLog adminPAss
1663672849082:login adminLog adminPass
1663673148241:logout
1663673167181:login adminLog adminPass
1663673171440:logout
1663673245415:login adminLog adminPass
1663673359160:logout
1663673456292:login adminLog adminPass
1663673459073:logout
1663673496971:stacktrace
1663674570450:register adminLog adminPass
1663674584952:register RegUser RegPass
1663675169816:login adminLog adminPass
1663675178447:logout
1663675406184:register adminLog adminLog
1663675670295:help
1663675684461:login adminLog adminPass
1663675685667:hlep
1663675687020:help
1663675778144:login adminLog adminPass
1663677553528:create-article
1663677856702:logout
1663677861072:login adminLog adminPass
1663677866942:create-article
1663677922410:login adminLog adminPass
1663677925919:create-article
1663678059961:login adminLog adminPass
1663678063903:create-article
1663678159706:login adminLog adminPass
1663678172191:create-article
1663678351642:login adminLog adminPass
1663678355030:create-article
1663678466261:logout
1663678469510:login adminLog adminPass
1663678476398:create-article
1663678647366:logout
1663678650750:login adminLog adminPass
1663678655467:create-article
1663678763676:logout
1663678769142:login adminLog adminPass
1663678775141:create-article
1663678880719:login adminLog adminPass
1663678885004:logout
1663678888981:login adminLog adminPass
1663678895459:create-article
1663679040420:logout
1663679045541:login adminLog adminPass
1663679049285:create-article
1663679244724:logout
1663679247731:login adminLog adminPass
1663679251172:create-article
1663679584876:logout
1663679588757:login adminLog adminPass
1663679591860:create-article
1663680173126:logout
1663680177527:login adminLog adminPass
1663680192030:create-article
1663680292934:logout
1663680297167:login adminLog adminPass
1663680302606:create-article
1663680493622:logou
1663680501541:logout adminLog adminPass
1663680505951:login adminLog adminPass
1663680508510:create-article
1663684260387:login adminLog adminPass
1663684735262:create-article
1663685205273:login adminLog adminPass
1663685209389:create-article
1663685425404:stacktrace
1663685580168:login adminLog adminPass
1663685592207:create-article
1663685777780:login adminLog adminPass
1663685845283:create-article
1663738228314:login adminLog adminPass
1663738376944:create-article
1663739816504:help
1663739827514:login adminLog adminPass
1663739854113:delete-article asdf
1663739885423:stacktrace
1663739913345:delete-article asdf
1663739954168:delete-article asd
1663740372338:update-article
1663741577451:login adminLog adminPass
1663741591592:create-article
1663741661041:update-article
1663741687887:stacktrace
1663743405320:update-article
1663743446814:login adminLog adminPass
1663743458727:update-article
1663744104469:login adminLog adminPass
1663744113643:update-article
1663744150106:create-article
1663744163292:update-article
1663746858096:login adminLog adminPAss
1663746864253:login adminLog adminPass
1663746870893:show-own-articles
1663746906707:stacktrace
1663747022157:show-own-articles
1663747159392:login adminLog adminPass
1663747167159:show-own-articles
1663747207793:login adminLog adminPass
1663747218565:show-own-articles
1663747252427:login adminLog adminPass
1663747258332:show-own-articles
1663748520350:login adminLog adminPass
1663748527332:show-own-articles
1663748538699:create-article
1663748550053:show-own-articles
1663748653368:login adminLog adminPass
1663748658499:show-own-articles
1663748670884:create-article
1663748682515:show-own-articles
1663749460692:login adminLog adminPass
1663749465145:show-own-articles
1663749473226:view-article Title
